#
# There is insufficient memory for the Java Runtime Environment to continue.
# Native memory allocation (malloc) failed to allocate 32744 bytes for ChunkPool::allocate
# Possible reasons:
#   The system is out of physical RAM or swap space
#   The process is running with CompressedOops enabled, and the Java Heap may be blocking the growth of the native heap
# Possible solutions:
#   Reduce memory load on the system
#   Increase physical memory or swap space
#   Check if swap backing store is full
#   Decrease Java heap size (-Xmx/-Xms)
#   Decrease number of Java threads
#   Decrease Java thread stack sizes (-Xss)
#   Set larger code cache with -XX:ReservedCodeCacheSize=
#   JVM is running with Unscaled Compressed Oops mode in which the Java heap is
#     placed in the first 4GB address space. The Java Heap base address is the
#     maximum limit for the native heap growth. Please use -XX:HeapBaseMinAddress
#     to set the Java Heap base and to place the Java Heap above 4GB virtual address.
# This output file may be truncated or incomplete.
#
#  Out of Memory Error (allocation.cpp:272), pid=9060, tid=0x0000000000000a84
#
# JRE version: Java(TM) SE Runtime Environment (8.0_202-b08) (build 1.8.0_202-b08)
# Java VM: Java HotSpot(TM) 64-Bit Server VM (25.202-b08 mixed mode windows-amd64 compressed oops)
# Failed to write core dump. Minidumps are not enabled by default on client versions of Windows
#

---------------  T H R E A D  ---------------

Current thread (0x00000000196fd800):  JavaThread "C2 CompilerThread1" daemon [_thread_in_native, id=2692, stack(0x0000000019af0000,0x0000000019bf0000)]

Stack: [0x0000000019af0000,0x0000000019bf0000]
[error occurred during error reporting (printing stack bounds), id 0xc0000005]

Native frames: (J=compiled Java code, j=interpreted, Vv=VM code, C=native code)


Current CompileTask:
C2:   3968 1759       4       java.net.URLClassLoader$1::run (5 bytes)


---------------  P R O C E S S  ---------------

Java Threads: ( => current thread )
  0x0000000019773000 JavaThread "Service Thread" daemon [_thread_blocked, id=11140, stack(0x0000000019cf0000,0x0000000019df0000)]
  0x0000000019708800 JavaThread "C1 CompilerThread2" daemon [_thread_in_native, id=13860, stack(0x0000000019bf0000,0x0000000019cf0000)]
=>0x00000000196fd800 JavaThread "C2 CompilerThread1" daemon [_thread_in_native, id=2692, stack(0x0000000019af0000,0x0000000019bf0000)]
  0x00000000180fc000 JavaThread "C2 CompilerThread0" daemon [_thread_in_native, id=12004, stack(0x00000000195f0000,0x00000000196f0000)]
  0x00000000180fa800 JavaThread "Attach Listener" daemon [_thread_blocked, id=6184, stack(0x00000000194f0000,0x00000000195f0000)]
  0x00000000180f9000 JavaThread "Signal Dispatcher" daemon [_thread_blocked, id=6580, stack(0x00000000193f0000,0x00000000194f0000)]
  0x000000001808a800 JavaThread "Finalizer" daemon [_thread_blocked, id=7320, stack(0x00000000192f0000,0x00000000193f0000)]
  0x0000000003541800 JavaThread "Reference Handler" daemon [_thread_blocked, id=12548, stack(0x00000000191f0000,0x00000000192f0000)]
  0x000000000301e000 JavaThread "main" [_thread_in_vm, id=3832, stack(0x0000000002f10000,0x0000000003010000)]

Other Threads:
  0x0000000018067000 VMThread [stack: 0x00000000190f0000,0x00000000191f0000] [id=12048]
  0x000000001977d800 WatcherThread [stack: 0x0000000019df0000,0x0000000019ef0000] [id=3784]

VM state:not at safepoint (normal execution)

VM Mutex/Monitor currently owned by a thread: None

heap address: 0x0000000081800000, size: 2024 MB, Compressed Oops mode: 32-bit
Narrow klass base: 0x0000000000000000, Narrow klass shift: 3
Compressed class space size: 1073741824 Address: 0x0000000100000000

Heap:
 PSYoungGen      total 38400K, used 31783K [0x00000000d5d80000, 0x00000000d8800000, 0x0000000100000000)
  eden space 33280K, 80% used [0x00000000d5d80000,0x00000000d778e9e0,0x00000000d7e00000)
  from space 5120K, 99% used [0x00000000d8300000,0x00000000d87fb570,0x00000000d8800000)
  to   space 5120K, 0% used [0x00000000d7e00000,0x00000000d7e00000,0x00000000d8300000)
 ParOldGen       total 87552K, used 2920K [0x0000000081800000, 0x0000000086d80000, 0x00000000d5d80000)
  object space 87552K, 3% used [0x0000000081800000,0x0000000081ada218,0x0000000086d80000)
 Metaspace       used 15189K, capacity 15476K, committed 15872K, reserved 1062912K
  class space    used 1859K, capacity 1944K, committed 2048K, reserved 1048576K

Card table byte_map: [0x0000000012910000,0x0000000012d10000] byte_map_base: 0x0000000012504000

Marking Bits: (ParMarkBitMap*) 0x0000000050945ce0
 Begin Bits: [0x00000000133c0000, 0x0000000015360000)
 End Bits:   [0x0000000015360000, 0x0000000017300000)

Polling page: 0x0000000001690000

CodeCache: size=245760Kb used=6568Kb max_used=6568Kb free=239191Kb
 bounds [0x0000000003550000, 0x0000000003bc0000, 0x0000000012550000]
 total_blobs=2302 nmethods=1934 adapters=280
 compilation: enabled

Compilation events (10 events):
Event: 3.930 Thread 0x0000000019708800 1944       2       java.util.ArrayList::<init> (67 bytes)
Event: 3.931 Thread 0x0000000019708800 nmethod 1944 0x0000000003bbbb10 code [0x0000000003bbbc80, 0x0000000003bbbed8]
Event: 3.931 Thread 0x0000000019708800 1945       2       java.util.Collections$UnmodifiableCollection::<init> (22 bytes)
Event: 3.932 Thread 0x0000000019708800 nmethod 1945 0x0000000003bbbfd0 code [0x0000000003bbc140, 0x0000000003bbc348]
Event: 3.936 Thread 0x0000000019708800 1946       2       java.util.AbstractCollection::toArray (70 bytes)
Event: 3.936 Thread 0x0000000019708800 nmethod 1946 0x0000000003bbc410 code [0x0000000003bbc5e0, 0x0000000003bbca08]
Event: 3.938 Thread 0x0000000019708800 1947       2       org.apache.maven.model.validation.DefaultModelValidator::isValidIdWithWildCards (34 bytes)
Event: 3.939 Thread 0x0000000019708800 nmethod 1947 0x0000000003bbcc50 code [0x0000000003bbcde0, 0x0000000003bbd118]
Event: 3.945 Thread 0x0000000019708800 1948       2       java.util.StringTokenizer::nextToken (92 bytes)
Event: 3.945 Thread 0x0000000019708800 nmethod 1948 0x0000000003bbd350 code [0x0000000003bbd4e0, 0x0000000003bbd798]

GC Heap History (4 events):
Event: 1.971 GC heap before
{Heap before GC invocations=1 (full 0):
 PSYoungGen      total 38400K, used 33280K [0x00000000d5d80000, 0x00000000d8800000, 0x0000000100000000)
  eden space 33280K, 100% used [0x00000000d5d80000,0x00000000d7e00000,0x00000000d7e00000)
  from space 5120K, 0% used [0x00000000d8300000,0x00000000d8300000,0x00000000d8800000)
  to   space 5120K, 0% used [0x00000000d7e00000,0x00000000d7e00000,0x00000000d8300000)
 ParOldGen       total 87552K, used 0K [0x0000000081800000, 0x0000000086d80000, 0x00000000d5d80000)
  object space 87552K, 0% used [0x0000000081800000,0x0000000081800000,0x0000000086d80000)
 Metaspace       used 8780K, capacity 8924K, committed 9088K, reserved 1056768K
  class space    used 1069K, capacity 1144K, committed 1152K, reserved 1048576K
Event: 1.980 GC heap after
Heap after GC invocations=1 (full 0):
 PSYoungGen      total 38400K, used 5119K [0x00000000d5d80000, 0x00000000d8800000, 0x0000000100000000)
  eden space 33280K, 0% used [0x00000000d5d80000,0x00000000d5d80000,0x00000000d7e00000)
  from space 5120K, 99% used [0x00000000d7e00000,0x00000000d82ffc10,0x00000000d8300000)
  to   space 5120K, 0% used [0x00000000d8300000,0x00000000d8300000,0x00000000d8800000)
 ParOldGen       total 87552K, used 451K [0x0000000081800000, 0x0000000086d80000, 0x00000000d5d80000)
  object space 87552K, 0% used [0x0000000081800000,0x0000000081870e98,0x0000000086d80000)
 Metaspace       used 8780K, capacity 8924K, committed 9088K, reserved 1056768K
  class space    used 1069K, capacity 1144K, committed 1152K, reserved 1048576K
}
Event: 2.800 GC heap before
{Heap before GC invocations=2 (full 0):
 PSYoungGen      total 38400K, used 38399K [0x00000000d5d80000, 0x00000000d8800000, 0x0000000100000000)
  eden space 33280K, 100% used [0x00000000d5d80000,0x00000000d7e00000,0x00000000d7e00000)
  from space 5120K, 99% used [0x00000000d7e00000,0x00000000d82ffc10,0x00000000d8300000)
  to   space 5120K, 0% used [0x00000000d8300000,0x00000000d8300000,0x00000000d8800000)
 ParOldGen       total 87552K, used 451K [0x0000000081800000, 0x0000000086d80000, 0x00000000d5d80000)
  object space 87552K, 0% used [0x0000000081800000,0x0000000081870e98,0x0000000086d80000)
 Metaspace       used 12438K, capacity 12596K, committed 12928K, reserved 1060864K
  class space    used 1559K, capacity 1638K, committed 1664K, reserved 1048576K
Event: 2.810 GC heap after
Heap after GC invocations=2 (full 0):
 PSYoungGen      total 38400K, used 5101K [0x00000000d5d80000, 0x00000000d8800000, 0x0000000100000000)
  eden space 33280K, 0% used [0x00000000d5d80000,0x00000000d5d80000,0x00000000d7e00000)
  from space 5120K, 99% used [0x00000000d8300000,0x00000000d87fb570,0x00000000d8800000)
  to   space 5120K, 0% used [0x00000000d7e00000,0x00000000d7e00000,0x00000000d8300000)
 ParOldGen       total 87552K, used 2920K [0x0000000081800000, 0x0000000086d80000, 0x00000000d5d80000)
  object space 87552K, 3% used [0x0000000081800000,0x0000000081ada218,0x0000000086d80000)
 Metaspace       used 12438K, capacity 12596K, committed 12928K, reserved 1060864K
  class space    used 1559K, capacity 1638K, committed 1664K, reserved 1048576K
}

Deoptimization events (10 events):
Event: 3.434 Thread 0x000000000301e000 Uncommon trap: reason=unstable_if action=reinterpret pc=0x0000000003730370 method=java.lang.String.replace(CC)Ljava/lang/String; @ 2
Event: 3.434 Thread 0x000000000301e000 Uncommon trap: reason=bimorphic action=maybe_recompile pc=0x0000000003abd6fc method=java.util.regex.Pattern$CharProperty.match(Ljava/util/regex/Matcher;ILjava/lang/CharSequence;)Z @ 37
Event: 3.434 Thread 0x000000000301e000 Uncommon trap: reason=bimorphic action=maybe_recompile pc=0x0000000003abd6fc method=java.util.regex.Pattern$CharProperty.match(Ljava/util/regex/Matcher;ILjava/lang/CharSequence;)Z @ 37
Event: 3.585 Thread 0x000000000301e000 Uncommon trap: reason=unstable_if action=reinterpret pc=0x000000000370d1b4 method=java.lang.String.startsWith(Ljava/lang/String;I)Z @ 25
Event: 3.622 Thread 0x000000000301e000 Uncommon trap: reason=unstable_if action=reinterpret pc=0x0000000003aec534 method=org.codehaus.plexus.util.xml.pull.MXParser.nextImpl()I @ 879
Event: 3.638 Thread 0x000000000301e000 Uncommon trap: reason=bimorphic action=maybe_recompile pc=0x00000000038c9680 method=java.util.HashMap.putVal(ILjava/lang/Object;Ljava/lang/Object;ZZ)Ljava/lang/Object; @ 203
Event: 3.671 Thread 0x000000000301e000 Uncommon trap: reason=unstable_if action=reinterpret pc=0x0000000003ae9534 method=java.lang.String.trim()Ljava/lang/String; @ 63
Event: 3.708 Thread 0x000000000301e000 Uncommon trap: reason=unstable_if action=reinterpret pc=0x0000000003812884 method=sun.nio.cs.UTF_8$Decoder.decode([BII[C)I @ 30
Event: 3.708 Thread 0x000000000301e000 Uncommon trap: reason=unstable_if action=reinterpret pc=0x00000000038151c4 method=sun.nio.cs.UTF_8$Decoder.decodeArrayLoop(Ljava/nio/ByteBuffer;Ljava/nio/CharBuffer;)Ljava/nio/charset/CoderResult; @ 84
Event: 3.822 Thread 0x000000000301e000 Uncommon trap: reason=unstable_if action=reinterpret pc=0x000000000391fad8 method=java.lang.String.regionMatches(ZILjava/lang/String;II)Z @ 25

Classes redefined (0 events):
No events

Internal exceptions (10 events):
Event: 2.973 Thread 0x000000000301e000 Exception <a 'java/lang/NoClassDefFoundError'> (0x00000000d62a1428) thrown at [C:\re\workspace\8-2-build-windows-amd64-cygwin\jdk8u202\12323\hotspot\src\share\vm\prims\jvm.cpp, line 1506]
Event: 2.973 Thread 0x000000000301e000 Exception <a 'java/lang/NoClassDefFoundError': javax/annotation/Priority> (0x00000000d62a5bd0) thrown at [C:\re\workspace\8-2-build-windows-amd64-cygwin\jdk8u202\12323\hotspot\src\share\vm\classfile\systemDictionary.cpp, line 199]
Event: 3.305 Thread 0x000000000301e000 Exception <a 'java/lang/NullPointerException'> (0x00000000d6846f00) thrown at [C:\re\workspace\8-2-build-windows-amd64-cygwin\jdk8u202\12323\hotspot\src\share\vm\interpreter\linkResolver.cpp, line 1185]
Event: 3.305 Thread 0x000000000301e000 Exception <a 'java/lang/NullPointerException'> (0x00000000d6847118) thrown at [C:\re\workspace\8-2-build-windows-amd64-cygwin\jdk8u202\12323\hotspot\src\share\vm\interpreter\linkResolver.cpp, line 1185]
Event: 3.305 Thread 0x000000000301e000 Exception <a 'java/lang/NullPointerException'> (0x00000000d6847330) thrown at [C:\re\workspace\8-2-build-windows-amd64-cygwin\jdk8u202\12323\hotspot\src\share\vm\interpreter\linkResolver.cpp, line 1185]
Event: 3.305 Thread 0x000000000301e000 Exception <a 'java/lang/NullPointerException'> (0x00000000d684ee08) thrown at [C:\re\workspace\8-2-build-windows-amd64-cygwin\jdk8u202\12323\hotspot\src\share\vm\interpreter\linkResolver.cpp, line 1185]
Event: 3.305 Thread 0x000000000301e000 Exception <a 'java/lang/NullPointerException'> (0x00000000d684f020) thrown at [C:\re\workspace\8-2-build-windows-amd64-cygwin\jdk8u202\12323\hotspot\src\share\vm\interpreter\linkResolver.cpp, line 1185]
Event: 3.305 Thread 0x000000000301e000 Exception <a 'java/lang/NullPointerException'> (0x00000000d684f238) thrown at [C:\re\workspace\8-2-build-windows-amd64-cygwin\jdk8u202\12323\hotspot\src\share\vm\interpreter\linkResolver.cpp, line 1185]
Event: 3.390 Thread 0x000000000301e000 Implicit null exception at 0x000000000375ed96 to 0x000000000375f129
Event: 3.390 Thread 0x000000000301e000 Implicit null exception at 0x0000000003736756 to 0x0000000003736ae5

Events (10 events):
Event: 3.947 loading class org/apache/maven/project/ProjectSorter
Event: 3.947 loading class org/apache/maven/project/ProjectSorter done
Event: 3.953 loading class org/codehaus/plexus/util/dag/DAG
Event: 3.953 loading class org/codehaus/plexus/util/dag/DAG done
Event: 3.956 loading class org/codehaus/plexus/util/dag/Vertex
Event: 3.956 loading class org/codehaus/plexus/util/dag/Vertex done
Event: 3.964 loading class org/codehaus/plexus/util/dag/TopologicalSorter
Event: 3.964 loading class org/codehaus/plexus/util/dag/TopologicalSorter done
Event: 3.965 loading class java/util/LinkedList$ListItr
Event: 3.966 loading class java/util/LinkedList$ListItr done


Dynamic libraries:
0x00007ff7db4f0000 - 0x00007ff7db527000 	C:\Program Files\Java\jre1.8.0_202\bin\javaw.exe
0x00007ffc6c340000 - 0x00007ffc6c530000 	C:\WINDOWS\SYSTEM32\ntdll.dll
0x00007ffc6a650000 - 0x00007ffc6a702000 	C:\WINDOWS\System32\KERNEL32.DLL
0x00007ffc69520000 - 0x00007ffc697c3000 	C:\WINDOWS\System32\KERNELBASE.dll
0x00007ffc6c220000 - 0x00007ffc6c2c3000 	C:\WINDOWS\System32\ADVAPI32.dll
0x00007ffc6a3a0000 - 0x00007ffc6a43e000 	C:\WINDOWS\System32\msvcrt.dll
0x00007ffc6c040000 - 0x00007ffc6c0d7000 	C:\WINDOWS\System32\sechost.dll
0x00007ffc6be70000 - 0x00007ffc6bf90000 	C:\WINDOWS\System32\RPCRT4.dll
0x00007ffc6bcd0000 - 0x00007ffc6be64000 	C:\WINDOWS\System32\USER32.dll
0x00007ffc68940000 - 0x00007ffc68961000 	C:\WINDOWS\System32\win32u.dll
0x00007ffc6b410000 - 0x00007ffc6b436000 	C:\WINDOWS\System32\GDI32.dll
0x00007ffc697d0000 - 0x00007ffc69964000 	C:\WINDOWS\System32\gdi32full.dll
0x00007ffc699c0000 - 0x00007ffc69a5e000 	C:\WINDOWS\System32\msvcp_win.dll
0x00007ffc69420000 - 0x00007ffc6951a000 	C:\WINDOWS\System32\ucrtbase.dll
0x00007ffc5dd70000 - 0x00007ffc5dff5000 	C:\WINDOWS\WinSxS\amd64_microsoft.windows.common-controls_6595b64144ccf1df_6.0.18362.592_none_e6c0b1911312be02\COMCTL32.dll
0x00007ffc6ac90000 - 0x00007ffc6afc6000 	C:\WINDOWS\System32\combase.dll
0x00007ffc690f0000 - 0x00007ffc69170000 	C:\WINDOWS\System32\bcryptPrimitives.dll
0x00007ffc6a440000 - 0x00007ffc6a46e000 	C:\WINDOWS\System32\IMM32.DLL
0x0000000077530000 - 0x0000000077602000 	C:\Program Files\Java\jre1.8.0_202\bin\msvcr100.dll
0x0000000050120000 - 0x00000000509c5000 	C:\Program Files\Java\jre1.8.0_202\bin\server\jvm.dll
0x00007ffc6b4f0000 - 0x00007ffc6b4f8000 	C:\WINDOWS\System32\PSAPI.DLL
0x00007ffc65270000 - 0x00007ffc65294000 	C:\WINDOWS\SYSTEM32\WINMM.dll
0x00007ffc5d6f0000 - 0x00007ffc5d6fa000 	C:\WINDOWS\SYSTEM32\VERSION.dll
0x00007ffc65240000 - 0x00007ffc6526d000 	C:\WINDOWS\SYSTEM32\WINMMBASE.dll
0x00007ffc69970000 - 0x00007ffc699ba000 	C:\WINDOWS\System32\cfgmgr32.dll
0x00007ffc55090000 - 0x00007ffc55099000 	C:\WINDOWS\SYSTEM32\WSOCK32.dll
0x00007ffc69e50000 - 0x00007ffc69ebf000 	C:\WINDOWS\System32\WS2_32.dll
0x00007ffc655a0000 - 0x00007ffc655af000 	C:\Program Files\Java\jre1.8.0_202\bin\verify.dll
0x00007ffc5cf90000 - 0x00007ffc5cfb9000 	C:\Program Files\Java\jre1.8.0_202\bin\java.dll
0x00007ffc639f0000 - 0x00007ffc63a06000 	C:\Program Files\Java\jre1.8.0_202\bin\zip.dll
0x00007ffc6b5e0000 - 0x00007ffc6bcc5000 	C:\WINDOWS\System32\SHELL32.dll
0x00007ffc6b440000 - 0x00007ffc6b4e9000 	C:\WINDOWS\System32\shcore.dll
0x00007ffc68970000 - 0x00007ffc690ef000 	C:\WINDOWS\System32\windows.storage.dll
0x00007ffc68920000 - 0x00007ffc6893f000 	C:\WINDOWS\System32\profapi.dll
0x00007ffc68890000 - 0x00007ffc688da000 	C:\WINDOWS\System32\powrprof.dll
0x00007ffc68880000 - 0x00007ffc68890000 	C:\WINDOWS\System32\UMPDC.dll
0x00007ffc6afd0000 - 0x00007ffc6b022000 	C:\WINDOWS\System32\shlwapi.dll
0x00007ffc68900000 - 0x00007ffc68911000 	C:\WINDOWS\System32\kernel.appcore.dll
0x00007ffc692c0000 - 0x00007ffc692d7000 	C:\WINDOWS\System32\cryptsp.dll
0x00007ffc67c00000 - 0x00007ffc67c33000 	C:\WINDOWS\system32\rsaenh.dll
0x00007ffc693f0000 - 0x00007ffc69416000 	C:\WINDOWS\System32\bcrypt.dll
0x00007ffc68770000 - 0x00007ffc68795000 	C:\WINDOWS\SYSTEM32\USERENV.dll
0x00007ffc68260000 - 0x00007ffc6826c000 	C:\WINDOWS\SYSTEM32\CRYPTBASE.dll
0x00007ffc627b0000 - 0x00007ffc627ca000 	C:\Program Files\Java\jre1.8.0_202\bin\net.dll
0x00007ffc6a470000 - 0x00007ffc6a646000 	C:\WINDOWS\System32\urlmon.dll
0x00007ffc69ad0000 - 0x00007ffc69d76000 	C:\WINDOWS\System32\iertutil.dll
0x00007ffc68090000 - 0x00007ffc680f7000 	C:\WINDOWS\system32\mswsock.dll
0x00007ffc67da0000 - 0x00007ffc67dda000 	C:\WINDOWS\SYSTEM32\IPHLPAPI.DLL
0x00007ffc6c2d0000 - 0x00007ffc6c2d8000 	C:\WINDOWS\System32\NSI.dll
0x00007ffc60920000 - 0x00007ffc60936000 	C:\WINDOWS\SYSTEM32\dhcpcsvc6.DLL
0x00007ffc60900000 - 0x00007ffc6091c000 	C:\WINDOWS\SYSTEM32\dhcpcsvc.DLL
0x00007ffc67de0000 - 0x00007ffc67eaa000 	C:\WINDOWS\SYSTEM32\DNSAPI.dll
0x00007ffc5f4f0000 - 0x00007ffc5f502000 	C:\Program Files\Java\jre1.8.0_202\bin\nio.dll
0x00007ffc59660000 - 0x00007ffc5966a000 	C:\Users\China2020\AppData\Local\Temp\jansi-1.17.1-5057651835959207328.dll

VM Arguments:
jvm_args: -Dmaven.home=C:\Program Files\apache-maven-3.6.3 -Dclassworlds.conf=C:\Workspace\.metadata\.plugins\org.eclipse.m2e.launching\launches\m2conf4143188172151955774.tmp -Dmaven.multiModuleProjectDirectory=C:\Workspace\G3 -Djansi.force=true -Djansi.passthrough=true -Dfile.encoding=UTF-8 
java_command: org.codehaus.plexus.classworlds.launcher.Launcher -Ppom.xml -B -gs C:\Program Files\apache-maven-3.6.3\conf\settings.xml -s C:\Program Files\apache-maven-3.6.3\conf\settings.xml install -Dstyle.color=always
java_class_path (initial): C:\Program Files\apache-maven-3.6.3\boot\plexus-classworlds-2.6.0.jar
Launcher Type: SUN_STANDARD

Environment Variables:
JAVA_HOME=C:\Program Files\Java\jdk-13.0.2
CLASSPATH=.;C:\Program Files\Java\jdk-13.0.2\lib\dt.jar;C:\Program Files\Java\jdk-13.0.2\lib\tools.jar
PATH=C:/Program Files/Java/jre1.8.0_202/bin/server;C:/Program Files/Java/jre1.8.0_202/bin;C:/Program Files/Java/jre1.8.0_202/lib/amd64;C:\Program Files (x86)\Common Files\Oracle\Java\javapath;C:\Program Files (x86)\Intel\iCLS Client\;C:\Program Files\Intel\iCLS Client\;C:\windows\system32;C:\windows;C:\windows\System32\Wbem;C:\windows\System32\WindowsPowerShell\v1.0\;C:\Program Files (x86)\Intel\Intel(R) Management Engine Components\DAL;C:\Program Files\Intel\Intel(R) Management Engine Components\DAL;C:\Program Files (x86)\Intel\Intel(R) Management Engine Components\IPT;C:\Program Files\Intel\Intel(R) Management Engine Components\IPT;C:\Program Files (x86)\NVIDIA Corporation\PhysX\Common;C:\Program Files\Java\jdk-13.0.2\bin;C:\Program Files\Java\jdk-13.0.2\jre\bin;C:\Program Files\MariaDB 10.3\bin;C:\WINDOWS\system32;C:\WINDOWS;C:\WINDOWS\System32\Wbem;C:\WINDOWS\System32\WindowsPowerShell\v1.0\;C:\WINDOWS\System32\OpenSSH\;C:\Users\China2020\AppData\Local\Microsoft\WindowsApps;;D:\sts-4.5.1.RELEASE;
USERNAME=China2020
OS=Windows_NT
PROCESSOR_IDENTIFIER=Intel64 Family 6 Model 60 Stepping 3, GenuineIntel



---------------  S Y S T E M  ---------------

OS: Windows 10.0 , 64 bit Build 18362 (10.0.18362.329)

CPU:total 4 (initial active 4) (4 cores per cpu, 1 threads per core) family 6 model 60 stepping 3, cmov, cx8, fxsr, mmx, sse, sse2, sse3, ssse3, sse4.1, sse4.2, popcnt, avx, avx2, aes, clmul, erms, lzcnt, tsc, tscinvbit, bmi1, bmi2

Memory: 4k page, physical 8286552k(3158648k free), swap 10383704k(4124k free)

vm_info: Java HotSpot(TM) 64-Bit Server VM (25.202-b08) for windows-amd64 JRE (1.8.0_202-b08), built on Dec 15 2018 19:54:30 by "java_re" with MS VC++ 10.0 (VS2010)

time: Wed Feb 05 20:01:44 2020
timezone: 中国标准时间
elapsed time: 3 seconds (0d 0h 0m 3s)

